{"/Users/vincent/nodejs/ynov_2024_2025/devops/ci-ex1/dist/lib/index.js": {"path":"/Users/vincent/nodejs/ynov_2024_2025/devops/ci-ex1/dist/lib/index.js","all":false,"statementMap":{"0":{"start":{"line":1,"column":0},"end":{"line":1,"column":13}},"1":{"start":{"line":2,"column":0},"end":{"line":2,"column":62}},"2":{"start":{"line":3,"column":0},"end":{"line":3,"column":33}},"3":{"start":{"line":4,"column":0},"end":{"line":4,"column":35}},"4":{"start":{"line":5,"column":0},"end":{"line":5,"column":48}},"5":{"start":{"line":6,"column":0},"end":{"line":6,"column":2}},"6":{"start":{"line":7,"column":0},"end":{"line":7,"column":42}}},"s":{"0":1,"1":1,"2":1,"3":1,"4":4,"5":1,"6":1},"branchMap":{"0":{"type":"branch","line":1,"loc":{"start":{"line":1,"column":0},"end":{"line":7,"column":42}},"locations":[{"start":{"line":1,"column":0},"end":{"line":7,"column":42}}]},"1":{"type":"branch","line":1,"loc":{"start":{"line":1,"column":0},"end":{"line":7,"column":42}},"locations":[{"start":{"line":1,"column":0},"end":{"line":7,"column":42}}]},"2":{"type":"branch","line":4,"loc":{"start":{"line":4,"column":24},"end":{"line":6,"column":1}},"locations":[{"start":{"line":4,"column":24},"end":{"line":6,"column":1}}]}},"b":{"0":[1],"1":[1],"2":[4]},"fnMap":{"0":{"name":"Object.<anonymous>","decl":{"start":{"line":1,"column":0},"end":{"line":7,"column":42}},"loc":{"start":{"line":1,"column":0},"end":{"line":7,"column":42}},"line":1},"1":{"name":"displayUserName","decl":{"start":{"line":4,"column":24},"end":{"line":6,"column":1}},"loc":{"start":{"line":4,"column":24},"end":{"line":6,"column":1}},"line":4}},"f":{"0":1,"1":4}}
,"/Users/vincent/nodejs/ynov_2024_2025/devops/ci-ex1/dist/src/lib/index.js": {"path":"/Users/vincent/nodejs/ynov_2024_2025/devops/ci-ex1/dist/src/lib/index.js","all":false,"statementMap":{"0":{"start":{"line":1,"column":0},"end":{"line":1,"column":13}},"1":{"start":{"line":2,"column":0},"end":{"line":2,"column":62}},"2":{"start":{"line":3,"column":0},"end":{"line":3,"column":33}},"3":{"start":{"line":4,"column":0},"end":{"line":4,"column":35}},"4":{"start":{"line":5,"column":0},"end":{"line":5,"column":48}},"5":{"start":{"line":6,"column":0},"end":{"line":6,"column":2}},"6":{"start":{"line":7,"column":0},"end":{"line":7,"column":42}}},"s":{"0":1,"1":1,"2":1,"3":1,"4":4,"5":1,"6":1},"branchMap":{"0":{"type":"branch","line":1,"loc":{"start":{"line":1,"column":0},"end":{"line":7,"column":42}},"locations":[{"start":{"line":1,"column":0},"end":{"line":7,"column":42}}]},"1":{"type":"branch","line":1,"loc":{"start":{"line":1,"column":0},"end":{"line":7,"column":42}},"locations":[{"start":{"line":1,"column":0},"end":{"line":7,"column":42}}]},"2":{"type":"branch","line":4,"loc":{"start":{"line":4,"column":24},"end":{"line":6,"column":1}},"locations":[{"start":{"line":4,"column":24},"end":{"line":6,"column":1}}]}},"b":{"0":[1],"1":[1],"2":[4]},"fnMap":{"0":{"name":"Object.<anonymous>","decl":{"start":{"line":1,"column":0},"end":{"line":7,"column":42}},"loc":{"start":{"line":1,"column":0},"end":{"line":7,"column":42}},"line":1},"1":{"name":"displayUserName","decl":{"start":{"line":4,"column":24},"end":{"line":6,"column":1}},"loc":{"start":{"line":4,"column":24},"end":{"line":6,"column":1}},"line":4}},"f":{"0":1,"1":4}}
,"/Users/vincent/nodejs/ynov_2024_2025/devops/ci-ex1/src/lib/index.ts": {"path":"/Users/vincent/nodejs/ynov_2024_2025/devops/ci-ex1/src/lib/index.ts","all":false,"statementMap":{"0":{"start":{"line":1,"column":0},"end":{"line":1,"column":38}},"1":{"start":{"line":2,"column":0},"end":{"line":2,"column":56}},"2":{"start":{"line":3,"column":0},"end":{"line":3,"column":46}},"3":{"start":{"line":4,"column":0},"end":{"line":4,"column":2}}},"s":{"0":1,"1":1,"2":4,"3":4},"branchMap":{"0":{"type":"branch","line":2,"loc":{"start":{"line":2,"column":31},"end":{"line":4,"column":2}},"locations":[{"start":{"line":2,"column":31},"end":{"line":4,"column":2}}]}},"b":{"0":[4]},"fnMap":{"0":{"name":"displayUserName","decl":{"start":{"line":2,"column":31},"end":{"line":4,"column":2}},"loc":{"start":{"line":2,"column":31},"end":{"line":4,"column":2}},"line":2}},"f":{"0":4}}
}
