{"/Users/vincent/nodejs/ynov_2024_2025/devops/ci-ex1/src/lib/index.ts": {"path":"/Users/vincent/nodejs/ynov_2024_2025/devops/ci-ex1/src/lib/index.ts","all":false,"statementMap":{"0":{"start":{"line":1,"column":0},"end":{"line":1,"column":38}},"1":{"start":{"line":2,"column":0},"end":{"line":2,"column":56}},"2":{"start":{"line":3,"column":0},"end":{"line":3,"column":46}},"3":{"start":{"line":4,"column":0},"end":{"line":4,"column":2}}},"s":{"0":1,"1":1,"2":4,"3":4},"branchMap":{"0":{"type":"branch","line":2,"loc":{"start":{"line":2,"column":31},"end":{"line":4,"column":2}},"locations":[{"start":{"line":2,"column":31},"end":{"line":4,"column":2}}]}},"b":{"0":[4]},"fnMap":{"0":{"name":"displayUserName","decl":{"start":{"line":2,"column":31},"end":{"line":4,"column":2}},"loc":{"start":{"line":2,"column":31},"end":{"line":4,"column":2}},"line":2}},"f":{"0":4}}
}
